[2025-05-19 20:21:42] WARN: GET / 404 7.157 ms - 64
[2025-05-19 20:21:42] WARN: GET /favicon.ico 404 1.485 ms - 64
[2025-05-19 20:21:50] WARN: GET /be-portfolio/ 404 0.887 ms - 64
[2025-05-19 20:22:32] INFO: GET /be-portfolio/ 200 3.620 ms - 70
[2025-05-19 20:22:32] WARN: GET /favicon.ico 404 1.016 ms - 64
[2025-05-19 20:23:29] WARN: GET / 404 1.351 ms - 64
[2025-05-19 20:27:18] WARN: GET /be-portfolio/api/tools 401 4.526 ms - 78
[2025-05-19 20:27:20] WARN: GET /be-portfolio/api/tools 401 1.024 ms - 78
[2025-05-19 20:27:59] WARN: GET / 404 3.660 ms - 64
[2025-05-19 20:29:08] INFO: GET /be-portfolio/api/tools 200 35.065 ms - 144
[2025-05-19 20:30:28] ERROR: POST /be-portfolio/api/tools 500 1.517 ms - 99
[2025-05-19 20:30:47] ERROR: POST /be-portfolio/api/tools 500 1.665 ms - 99
[2025-05-19 20:30:48] ERROR: POST /be-portfolio/api/tools 500 0.777 ms - 99
[2025-05-19 20:31:02] ERROR: POST /be-portfolio/api/tools 500 0.869 ms - 99
[2025-05-19 20:31:02] ERROR: POST /be-portfolio/api/tools 500 0.716 ms - 99
[2025-05-19 20:31:19] ERROR: POST /be-portfolio/api/tools 500 0.917 ms - 99
[2025-05-19 20:31:20] ERROR: POST /be-portfolio/api/tools 500 1.119 ms - 99
[2025-05-19 20:32:28] ERROR: POST /be-portfolio/api/tools 500 0.756 ms - 99
[2025-05-19 20:32:29] ERROR: POST /be-portfolio/api/tools 500 0.901 ms - 99
[2025-05-19 20:33:29] ERROR: POST /be-portfolio/api/tools 500 5.815 ms - 99
[2025-05-19 20:34:39] ERROR: POST /be-portfolio/api/tools 500 4.136 ms - 99
[2025-05-19 20:34:40] ERROR: POST /be-portfolio/api/tools 500 1.071 ms - 99
[2025-05-19 20:34:40] ERROR: POST /be-portfolio/api/tools 500 1.156 ms - 99
[2025-05-19 20:34:41] ERROR: POST /be-portfolio/api/tools 500 0.929 ms - 99
[2025-05-19 20:35:03] ERROR: POST /be-portfolio/api/tools 500 4.131 ms - 99
[2025-05-19 20:35:03] ERROR: POST /be-portfolio/api/tools 500 1.121 ms - 99
[2025-05-19 20:35:05] ERROR: POST /be-portfolio/api/tools 500 1.049 ms - 99
[2025-05-19 20:35:06] ERROR: POST /be-portfolio/api/tools 500 0.830 ms - 99
[2025-05-19 20:35:09] ERROR: POST /be-portfolio/api/tools 500 0.974 ms - 99
[2025-05-19 20:35:39] ERROR: POST /be-portfolio/api/tools 500 4.057 ms - 99
[2025-05-19 20:36:57] ERROR: POST /be-portfolio/api/tools 500 4.076 ms - 99
[2025-05-19 20:36:58] ERROR: POST /be-portfolio/api/tools 500 1.100 ms - 99
[2025-05-19 20:36:59] ERROR: POST /be-portfolio/api/tools 500 0.837 ms - 99
[2025-05-19 20:36:59] ERROR: POST /be-portfolio/api/tools 500 0.897 ms - 99
[2025-05-19 20:37:00] ERROR: POST /be-portfolio/api/tools 500 1.036 ms - 99
[2025-05-19 20:37:30] ERROR: POST /be-portfolio/api/tools 500 5.952 ms - 99
[2025-05-19 20:37:31] ERROR: POST /be-portfolio/api/tools 500 1.068 ms - 99
[2025-05-19 20:39:00] ERROR: POST /be-portfolio/api/tools 500 5.179 ms - 99
[2025-05-19 20:39:01] ERROR: POST /be-portfolio/api/tools 500 1.022 ms - 99
[2025-05-19 20:39:02] ERROR: POST /be-portfolio/api/tools 500 0.855 ms - 99
[2025-05-19 20:39:14] WARN: GET /be-portfolio/api/tools/1 401 0.935 ms - 78
[2025-05-19 20:39:34] WARN: GET /be-portfolio/api/tools/1 404 11.254 ms - 67
[2025-05-19 20:39:40] WARN: PATCH /be-portfolio/api/tools/d1 404 1.436 ms - 64
[2025-05-19 20:39:41] WARN: PATCH /be-portfolio/api/tools/1 404 0.725 ms - 64
[2025-05-19 20:39:46] WARN: PATCH /be-portfolio/api/tools/1/delete 404 3.001 ms - 67
[2025-05-19 20:39:52] WARN: PUT /be-portfolio/api/tools/1 404 0.874 ms - 64
[2025-05-19 20:40:13] WARN: PUT /be-portfolio/api/tools/1 404 0.903 ms - 64
[2025-05-19 20:40:14] WARN: PUT /be-portfolio/api/tools/1 404 1.038 ms - 64
[2025-05-19 20:40:55] ERROR: POST /be-portfolio/api/tools 500 4.050 ms - 99
[2025-05-19 20:42:19] ERROR: POST /be-portfolio/api/tools 500 4.949 ms - 99
[2025-05-19 20:42:20] ERROR: POST /be-portfolio/api/tools 500 1.175 ms - 99
[2025-05-19 20:42:27] ERROR: POST /be-portfolio/api/tools 500 0.987 ms - 99
[2025-05-19 20:42:33] ERROR: POST /be-portfolio/api/tools 500 1.108 ms - 99
[2025-05-19 20:42:33] ERROR: POST /be-portfolio/api/tools 500 0.880 ms - 99
[2025-05-19 20:43:50] ERROR: POST /be-portfolio/api/tools 500 4.353 ms - 99
[2025-05-19 20:43:51] ERROR: POST /be-portfolio/api/tools 500 1.143 ms - 99
[2025-05-19 20:43:52] ERROR: POST /be-portfolio/api/tools 500 0.981 ms - 99
[2025-05-19 20:44:12] ERROR: POST /be-portfolio/api/tools 500 4.512 ms - 99
[2025-05-19 20:44:13] ERROR: POST /be-portfolio/api/tools 500 1.747 ms - 99
[2025-05-19 20:44:26] ERROR: POST /be-portfolio/api/tools 500 4.902 ms - 99
[2025-05-19 20:44:27] ERROR: POST /be-portfolio/api/tools 500 1.332 ms - 99
[2025-05-19 20:45:53] WARN: POST /be-portfolio/api/tools 400 5.138 ms - 67
[2025-05-19 20:45:59] WARN: POST /be-portfolio/api/tools 400 3.251 ms - 186
[2025-05-19 20:46:39] WARN: POST /be-portfolio/api/tools 400 6.393 ms - 135
[2025-05-19 20:47:56] ERROR: POST /be-portfolio/api/tools 500 11103.877 ms - 583
[2025-05-19 20:49:27] INFO: GET /be-portfolio/api/tools 200 11.556 ms - 144
[2025-05-19 20:49:41] ERROR: POST /be-portfolio/api/tools 500 10372.941 ms - 583
[2025-05-19 20:53:12] INFO: POST /be-portfolio/api/tools 201 12928.745 ms - 310
[2025-05-19 20:53:34] WARN: PUT /be-portfolio/api/tools/1 400 2.339 ms - 132
[2025-05-19 20:54:40] WARN: PUT /be-portfolio/api/tools/1 400 4.846 ms - 132
[2025-05-19 20:54:41] WARN: PUT /be-portfolio/api/tools/1 400 1.195 ms - 132
[2025-05-19 20:54:42] WARN: PUT /be-portfolio/api/tools/1 400 0.860 ms - 132
[2025-05-19 21:00:10] INFO: PUT /be-portfolio/api/tools/1 200 28.914 ms - 357
[2025-05-19 21:00:32] INFO: PUT /be-portfolio/api/tools/1 200 24.822 ms - 357
[2025-05-19 21:00:33] INFO: PUT /be-portfolio/api/tools/1 200 7.466 ms - 357
[2025-05-19 21:00:39] INFO: PUT /be-portfolio/api/tools/1 200 8.696 ms - 355
[2025-05-19 21:00:40] INFO: PUT /be-portfolio/api/tools/1 200 4.930 ms - 355
