[2025-05-19 20:29:08] INFO: SELECT 1 - []
[2025-05-19 20:29:08] INFO: SELECT `be_portfolio`.`tools`.`id`, `be_portfolio`.`tools`.`name`, `be_portfolio`.`tools`.`description`, `be_portfolio`.`tools`.`image_id`, `be_portfolio`.`tools`.`image_url`, `be_portfolio`.`tools`.`tool_url`, `be_portfolio`.`tools`.`dad`, `be_portfolio`.`tools`.`created_at`, `be_portfolio`.`tools`.`updated_at`, `be_portfolio`.`tools`.`deleted_at` FROM `be_portfolio`.`tools` WHERE `be_portfolio`.`tools`.`deleted_at` IS NULL ORDER BY `be_portfolio`.`tools`.`updated_at` DESC LIMIT ? OFFSET ? - [10,0]
[2025-05-19 20:29:08] INFO: SELECT COUNT(*) AS `_count._all` FROM (SELECT `be_portfolio`.`tools`.`id` FROM `be_portfolio`.`tools` WHERE `be_portfolio`.`tools`.`deleted_at` IS NULL) AS `sub` - []
[2025-05-19 20:39:34] INFO: SELECT `be_portfolio`.`tools`.`id`, `be_portfolio`.`tools`.`name`, `be_portfolio`.`tools`.`description`, `be_portfolio`.`tools`.`image_id`, `be_portfolio`.`tools`.`image_url`, `be_portfolio`.`tools`.`tool_url`, `be_portfolio`.`tools`.`dad`, `be_portfolio`.`tools`.`created_at`, `be_portfolio`.`tools`.`updated_at`, `be_portfolio`.`tools`.`deleted_at` FROM `be_portfolio`.`tools` WHERE (`be_portfolio`.`tools`.`id` = ? AND 1=1) LIMIT ? OFFSET ? - [1,1,0]
[2025-05-19 20:39:46] INFO: SELECT `be_portfolio`.`tools`.`id`, `be_portfolio`.`tools`.`name`, `be_portfolio`.`tools`.`description`, `be_portfolio`.`tools`.`image_id`, `be_portfolio`.`tools`.`image_url`, `be_portfolio`.`tools`.`tool_url`, `be_portfolio`.`tools`.`dad`, `be_portfolio`.`tools`.`created_at`, `be_portfolio`.`tools`.`updated_at`, `be_portfolio`.`tools`.`deleted_at` FROM `be_portfolio`.`tools` WHERE (`be_portfolio`.`tools`.`id` = ? AND `be_portfolio`.`tools`.`deleted_at` IS NULL) LIMIT ? OFFSET ? - [1,1,0]
[2025-05-19 20:47:56] INFO: SELECT 1 - []
[2025-05-19 20:49:27] INFO: SELECT 1 - []
[2025-05-19 20:49:27] INFO: SELECT `be_portfolio`.`tools`.`id`, `be_portfolio`.`tools`.`name`, `be_portfolio`.`tools`.`description`, `be_portfolio`.`tools`.`image_id`, `be_portfolio`.`tools`.`image_url`, `be_portfolio`.`tools`.`tool_url`, `be_portfolio`.`tools`.`dad`, `be_portfolio`.`tools`.`created_at`, `be_portfolio`.`tools`.`updated_at`, `be_portfolio`.`tools`.`deleted_at` FROM `be_portfolio`.`tools` WHERE `be_portfolio`.`tools`.`deleted_at` IS NULL ORDER BY `be_portfolio`.`tools`.`updated_at` DESC LIMIT ? OFFSET ? - [10,0]
[2025-05-19 20:49:27] INFO: SELECT COUNT(*) AS `_count._all` FROM (SELECT `be_portfolio`.`tools`.`id` FROM `be_portfolio`.`tools` WHERE `be_portfolio`.`tools`.`deleted_at` IS NULL) AS `sub` - []
[2025-05-19 20:53:12] INFO: BEGIN - []
[2025-05-19 20:53:12] INFO: INSERT INTO `be_portfolio`.`tools` (`id`,`name`,`description`,`image_id`,`image_url`,`tool_url`,`created_at`,`updated_at`) VALUES (?,?,?,?,?,?,?,?) - [null,"tes","tes","portfolio/tools-images/wricm7ispgbklnqll2x0","https://res.cloudinary.com/dahdvag/image/upload/v1747662791/portfolio/tools-images/wricm7ispgbklnqll2x0.png","tes","2025-05-19 13:53:12.312 UTC","2025-05-19 13:53:12.312 UTC"]
[2025-05-19 20:53:12] INFO: SELECT `be_portfolio`.`tools`.`id`, `be_portfolio`.`tools`.`name`, `be_portfolio`.`tools`.`description`, `be_portfolio`.`tools`.`image_id`, `be_portfolio`.`tools`.`image_url`, `be_portfolio`.`tools`.`tool_url`, `be_portfolio`.`tools`.`dad`, `be_portfolio`.`tools`.`created_at`, `be_portfolio`.`tools`.`updated_at`, `be_portfolio`.`tools`.`deleted_at` FROM `be_portfolio`.`tools` WHERE `be_portfolio`.`tools`.`id` = ? LIMIT ? OFFSET ? - [1,1,0]
[2025-05-19 20:53:12] INFO: COMMIT - []
[2025-05-19 21:00:10] INFO: SELECT `be_portfolio`.`tools`.`id`, `be_portfolio`.`tools`.`name`, `be_portfolio`.`tools`.`description`, `be_portfolio`.`tools`.`image_id`, `be_portfolio`.`tools`.`image_url`, `be_portfolio`.`tools`.`tool_url`, `be_portfolio`.`tools`.`dad`, `be_portfolio`.`tools`.`created_at`, `be_portfolio`.`tools`.`updated_at`, `be_portfolio`.`tools`.`deleted_at` FROM `be_portfolio`.`tools` WHERE (`be_portfolio`.`tools`.`id` = ? AND 1=1) LIMIT ? OFFSET ? - [1,1,0]
[2025-05-19 21:00:10] INFO: BEGIN - []
[2025-05-19 21:00:10] INFO: SELECT `be_portfolio`.`tools`.`id` FROM `be_portfolio`.`tools` WHERE (`be_portfolio`.`tools`.`id` = ? AND 1=1) - [1]
[2025-05-19 21:00:10] INFO: UPDATE `be_portfolio`.`tools` SET `name` = ?, `description` = ?, `tool_url` = ?, `dad` = ?, `image_id` = ?, `image_url` = ?, `updated_at` = ? WHERE (`be_portfolio`.`tools`.`id` IN (?) AND (`be_portfolio`.`tools`.`id` = ? AND 1=1)) - ["Tes Update Hanya Name dan image","Tes Update Hanya descript","tes",null,"portfolio/tools-images/wricm7ispgbklnqll2x0","https://res.cloudinary.com/dahdvag/image/upload/v1747662791/portfolio/tools-images/wricm7ispgbklnqll2x0.png","2025-05-19 14:00:10.739 UTC",1,1]
[2025-05-19 21:00:10] INFO: SELECT `be_portfolio`.`tools`.`id`, `be_portfolio`.`tools`.`name`, `be_portfolio`.`tools`.`description`, `be_portfolio`.`tools`.`image_id`, `be_portfolio`.`tools`.`image_url`, `be_portfolio`.`tools`.`tool_url`, `be_portfolio`.`tools`.`dad`, `be_portfolio`.`tools`.`created_at`, `be_portfolio`.`tools`.`updated_at`, `be_portfolio`.`tools`.`deleted_at` FROM `be_portfolio`.`tools` WHERE `be_portfolio`.`tools`.`id` = ? LIMIT ? OFFSET ? - [1,1,0]
[2025-05-19 21:00:10] INFO: COMMIT - []
[2025-05-19 21:00:32] INFO: SELECT `be_portfolio`.`tools`.`id`, `be_portfolio`.`tools`.`name`, `be_portfolio`.`tools`.`description`, `be_portfolio`.`tools`.`image_id`, `be_portfolio`.`tools`.`image_url`, `be_portfolio`.`tools`.`tool_url`, `be_portfolio`.`tools`.`dad`, `be_portfolio`.`tools`.`created_at`, `be_portfolio`.`tools`.`updated_at`, `be_portfolio`.`tools`.`deleted_at` FROM `be_portfolio`.`tools` WHERE (`be_portfolio`.`tools`.`id` = ? AND 1=1) LIMIT ? OFFSET ? - [1,1,0]
[2025-05-19 21:00:32] INFO: BEGIN - []
[2025-05-19 21:00:32] INFO: SELECT `be_portfolio`.`tools`.`id` FROM `be_portfolio`.`tools` WHERE (`be_portfolio`.`tools`.`id` = ? AND 1=1) - [1]
[2025-05-19 21:00:32] INFO: UPDATE `be_portfolio`.`tools` SET `name` = ?, `description` = ?, `tool_url` = ?, `dad` = ?, `image_id` = ?, `image_url` = ?, `updated_at` = ? WHERE (`be_portfolio`.`tools`.`id` IN (?) AND (`be_portfolio`.`tools`.`id` = ? AND 1=1)) - ["Tes Update Hanya Name dan image","Tes Update Hanya descript","tes",null,"portfolio/tools-images/wricm7ispgbklnqll2x0","https://res.cloudinary.com/dahdvag/image/upload/v1747662791/portfolio/tools-images/wricm7ispgbklnqll2x0.png","2025-05-19 14:00:32.347 UTC",1,1]
[2025-05-19 21:00:32] INFO: SELECT `be_portfolio`.`tools`.`id`, `be_portfolio`.`tools`.`name`, `be_portfolio`.`tools`.`description`, `be_portfolio`.`tools`.`image_id`, `be_portfolio`.`tools`.`image_url`, `be_portfolio`.`tools`.`tool_url`, `be_portfolio`.`tools`.`dad`, `be_portfolio`.`tools`.`created_at`, `be_portfolio`.`tools`.`updated_at`, `be_portfolio`.`tools`.`deleted_at` FROM `be_portfolio`.`tools` WHERE `be_portfolio`.`tools`.`id` = ? LIMIT ? OFFSET ? - [1,1,0]
[2025-05-19 21:00:32] INFO: COMMIT - []
[2025-05-19 21:00:33] INFO: SELECT `be_portfolio`.`tools`.`id`, `be_portfolio`.`tools`.`name`, `be_portfolio`.`tools`.`description`, `be_portfolio`.`tools`.`image_id`, `be_portfolio`.`tools`.`image_url`, `be_portfolio`.`tools`.`tool_url`, `be_portfolio`.`tools`.`dad`, `be_portfolio`.`tools`.`created_at`, `be_portfolio`.`tools`.`updated_at`, `be_portfolio`.`tools`.`deleted_at` FROM `be_portfolio`.`tools` WHERE (`be_portfolio`.`tools`.`id` = ? AND 1=1) LIMIT ? OFFSET ? - [1,1,0]
[2025-05-19 21:00:33] INFO: BEGIN - []
[2025-05-19 21:00:33] INFO: SELECT `be_portfolio`.`tools`.`id` FROM `be_portfolio`.`tools` WHERE (`be_portfolio`.`tools`.`id` = ? AND 1=1) - [1]
[2025-05-19 21:00:33] INFO: UPDATE `be_portfolio`.`tools` SET `name` = ?, `description` = ?, `tool_url` = ?, `dad` = ?, `image_id` = ?, `image_url` = ?, `updated_at` = ? WHERE (`be_portfolio`.`tools`.`id` IN (?) AND (`be_portfolio`.`tools`.`id` = ? AND 1=1)) - ["Tes Update Hanya Name dan image","Tes Update Hanya descript","tes",null,"portfolio/tools-images/wricm7ispgbklnqll2x0","https://res.cloudinary.com/dahdvag/image/upload/v1747662791/portfolio/tools-images/wricm7ispgbklnqll2x0.png","2025-05-19 14:00:33.871 UTC",1,1]
[2025-05-19 21:00:33] INFO: SELECT `be_portfolio`.`tools`.`id`, `be_portfolio`.`tools`.`name`, `be_portfolio`.`tools`.`description`, `be_portfolio`.`tools`.`image_id`, `be_portfolio`.`tools`.`image_url`, `be_portfolio`.`tools`.`tool_url`, `be_portfolio`.`tools`.`dad`, `be_portfolio`.`tools`.`created_at`, `be_portfolio`.`tools`.`updated_at`, `be_portfolio`.`tools`.`deleted_at` FROM `be_portfolio`.`tools` WHERE `be_portfolio`.`tools`.`id` = ? LIMIT ? OFFSET ? - [1,1,0]
[2025-05-19 21:00:33] INFO: COMMIT - []
[2025-05-19 21:00:39] INFO: SELECT `be_portfolio`.`tools`.`id`, `be_portfolio`.`tools`.`name`, `be_portfolio`.`tools`.`description`, `be_portfolio`.`tools`.`image_id`, `be_portfolio`.`tools`.`image_url`, `be_portfolio`.`tools`.`tool_url`, `be_portfolio`.`tools`.`dad`, `be_portfolio`.`tools`.`created_at`, `be_portfolio`.`tools`.`updated_at`, `be_portfolio`.`tools`.`deleted_at` FROM `be_portfolio`.`tools` WHERE (`be_portfolio`.`tools`.`id` = ? AND 1=1) LIMIT ? OFFSET ? - [1,1,0]
[2025-05-19 21:00:39] INFO: BEGIN - []
[2025-05-19 21:00:39] INFO: SELECT `be_portfolio`.`tools`.`id` FROM `be_portfolio`.`tools` WHERE (`be_portfolio`.`tools`.`id` = ? AND 1=1) - [1]
[2025-05-19 21:00:39] INFO: UPDATE `be_portfolio`.`tools` SET `name` = ?, `description` = ?, `tool_url` = ?, `dad` = ?, `image_id` = ?, `image_url` = ?, `updated_at` = ? WHERE (`be_portfolio`.`tools`.`id` IN (?) AND (`be_portfolio`.`tools`.`id` = ? AND 1=1)) - ["Tes Update Hanya Name dan image","Tes Update Hanya descript","tes",22,"portfolio/tools-images/wricm7ispgbklnqll2x0","https://res.cloudinary.com/dahdvag/image/upload/v1747662791/portfolio/tools-images/wricm7ispgbklnqll2x0.png","2025-05-19 14:00:39.699 UTC",1,1]
[2025-05-19 21:00:39] INFO: SELECT `be_portfolio`.`tools`.`id`, `be_portfolio`.`tools`.`name`, `be_portfolio`.`tools`.`description`, `be_portfolio`.`tools`.`image_id`, `be_portfolio`.`tools`.`image_url`, `be_portfolio`.`tools`.`tool_url`, `be_portfolio`.`tools`.`dad`, `be_portfolio`.`tools`.`created_at`, `be_portfolio`.`tools`.`updated_at`, `be_portfolio`.`tools`.`deleted_at` FROM `be_portfolio`.`tools` WHERE `be_portfolio`.`tools`.`id` = ? LIMIT ? OFFSET ? - [1,1,0]
[2025-05-19 21:00:39] INFO: COMMIT - []
[2025-05-19 21:00:40] INFO: SELECT `be_portfolio`.`tools`.`id`, `be_portfolio`.`tools`.`name`, `be_portfolio`.`tools`.`description`, `be_portfolio`.`tools`.`image_id`, `be_portfolio`.`tools`.`image_url`, `be_portfolio`.`tools`.`tool_url`, `be_portfolio`.`tools`.`dad`, `be_portfolio`.`tools`.`created_at`, `be_portfolio`.`tools`.`updated_at`, `be_portfolio`.`tools`.`deleted_at` FROM `be_portfolio`.`tools` WHERE (`be_portfolio`.`tools`.`id` = ? AND 1=1) LIMIT ? OFFSET ? - [1,1,0]
[2025-05-19 21:00:40] INFO: BEGIN - []
[2025-05-19 21:00:40] INFO: SELECT `be_portfolio`.`tools`.`id` FROM `be_portfolio`.`tools` WHERE (`be_portfolio`.`tools`.`id` = ? AND 1=1) - [1]
[2025-05-19 21:00:40] INFO: UPDATE `be_portfolio`.`tools` SET `name` = ?, `description` = ?, `tool_url` = ?, `dad` = ?, `image_id` = ?, `image_url` = ?, `updated_at` = ? WHERE (`be_portfolio`.`tools`.`id` IN (?) AND (`be_portfolio`.`tools`.`id` = ? AND 1=1)) - ["Tes Update Hanya Name dan image","Tes Update Hanya descript","tes",22,"portfolio/tools-images/wricm7ispgbklnqll2x0","https://res.cloudinary.com/dahdvag/image/upload/v1747662791/portfolio/tools-images/wricm7ispgbklnqll2x0.png","2025-05-19 14:00:40.860 UTC",1,1]
[2025-05-19 21:00:40] INFO: SELECT `be_portfolio`.`tools`.`id`, `be_portfolio`.`tools`.`name`, `be_portfolio`.`tools`.`description`, `be_portfolio`.`tools`.`image_id`, `be_portfolio`.`tools`.`image_url`, `be_portfolio`.`tools`.`tool_url`, `be_portfolio`.`tools`.`dad`, `be_portfolio`.`tools`.`created_at`, `be_portfolio`.`tools`.`updated_at`, `be_portfolio`.`tools`.`deleted_at` FROM `be_portfolio`.`tools` WHERE `be_portfolio`.`tools`.`id` = ? LIMIT ? OFFSET ? - [1,1,0]
[2025-05-19 21:00:40] INFO: COMMIT - []
